<?xml version="1.0" encoding="UTF-8"?>
<!-- Generated by org.testng.reporters.JUnitReportReporter -->
<testsuite hostname="sonal" failures="0" tests="1" name="RESTAPIGETPOST.DummyRestAPI" time="17.291" errors="0" timestamp="2022-10-25T13:11:16 IST" skipped="0">
  <testcase classname="RESTAPIGETPOST.DummyRestAPI" name="getListOfEmployee" time="17.291"/>
  <system-out/>
</testsuite> <!-- RESTAPIGETPOST.DummyRestAPI -->
