<?xml version="1.0" encoding="UTF-8"?>
<!-- Generated by org.testng.reporters.JUnitReportReporter -->
<testsuite hostname="sonal" failures="0" tests="2" name="RESTAPIGETPOST.GETRequestPractice" time="11.682" errors="0" timestamp="2022-10-25T13:12:06 IST" skipped="0">
  <testcase classname="RESTAPIGETPOST.GETRequestPractice" name="GETUsersDetails" time="10.861"/>
  <system-out/>
  <testcase classname="RESTAPIGETPOST.GETRequestPractice" name="getListOfEmployees" time="0.821"/>
  <system-out/>
</testsuite> <!-- RESTAPIGETPOST.GETRequestPractice -->
