<?xml version="1.0" encoding="UTF-8"?>
<!-- Generated by org.testng.reporters.JUnitReportReporter -->
<testsuite hostname="sonal" failures="0" tests="1" name="PostManAllProgram.DummyRestAPI" time="20.106" errors="0" timestamp="2022-10-25T13:03:25 IST" skipped="0">
  <testcase classname="PostManAllProgram.DummyRestAPI" name="getListOfEmployee" time="20.106"/>
  <system-out/>
</testsuite> <!-- PostManAllProgram.DummyRestAPI -->
