<?xml version="1.0" encoding="UTF-8"?>
<!-- Generated by org.testng.reporters.JUnitReportReporter -->
<testsuite hostname="sonal" failures="0" tests="1" name="RESTAPIGETPOST.BasicAutherization" time="12.898" errors="0" timestamp="2022-10-25T18:16:12 IST" skipped="0">
  <testcase classname="RESTAPIGETPOST.BasicAutherization" name="getListOfEmployees" time="12.898"/>
  <system-out/>
</testsuite> <!-- RESTAPIGETPOST.BasicAutherization -->
