<?xml version="1.0" encoding="UTF-8"?>
<!-- Generated by org.testng.reporters.JUnitReportReporter -->
<testsuite hostname="sonal" failures="0" tests="1" name="RESTAPIGETPOST.GETRequestPractice$GETUsersDetails" time="12.478" errors="0" timestamp="2022-10-13T23:01:47 IST" skipped="0">
  <testcase classname="RESTAPIGETPOST.GETRequestPractice$GETUsersDetails" name="getListOfEmployees" time="12.478"/>
  <system-out/>
</testsuite> <!-- RESTAPIGETPOST.GETRequestPractice$GETUsersDetails -->
