<?xml version="1.0" encoding="UTF-8"?>
<!-- Generated by org.testng.reporters.JUnitReportReporter -->
<testsuite hostname="sonal" failures="0" tests="1" name="PostManAllProgram.GETRequestPractice" time="12.202" errors="0" timestamp="2022-10-25T13:02:12 IST" skipped="0">
  <testcase classname="PostManAllProgram.GETRequestPractice" name="getListOfEmployees" time="12.202"/>
  <system-out/>
</testsuite> <!-- PostManAllProgram.GETRequestPractice -->
