<?xml version="1.0" encoding="UTF-8"?>
<!-- Generated by org.testng.reporters.JUnitReportReporter -->
<testsuite hostname="sonal" failures="0" tests="2" name="PostManAllProgram.PostRequestPractice2" time="15.946" errors="0" timestamp="2022-10-25T13:02:49 IST" skipped="0">
  <testcase classname="PostManAllProgram.PostRequestPractice2" name="loginUnSuccessful" time="9.156"/>
  <system-out/>
  <testcase classname="PostManAllProgram.PostRequestPractice2" name="resisterUser" time="6.790"/>
  <system-out/>
</testsuite> <!-- PostManAllProgram.PostRequestPractice2 -->
