<?xml version="1.0" encoding="UTF-8"?>
<!-- Generated by org.testng.reporters.JUnitReportReporter -->
<testsuite hostname="sonal" failures="0" tests="3" name="RESTAPIGETPOST.PostRequestPractice2" time="17.682" errors="0" timestamp="2022-10-25T13:12:55 IST" skipped="0">
  <testcase classname="RESTAPIGETPOST.PostRequestPractice2" name="loginUser" time="0.987"/>
  <system-out/>
  <testcase classname="RESTAPIGETPOST.PostRequestPractice2" name="resisterUser" time="6.697"/>
  <system-out/>
  <testcase classname="RESTAPIGETPOST.PostRequestPractice2" name="createUser" time="9.998"/>
  <system-out/>
</testsuite> <!-- RESTAPIGETPOST.PostRequestPractice2 -->
