<?xml version="1.0" encoding="UTF-8"?>
<!-- Generated by org.testng.reporters.JUnitReportReporter -->
<testsuite hostname="sonal" failures="0" tests="1" name="PostManAllProgram.PutRequestPractice" time="10.318" errors="0" timestamp="2022-10-25T13:04:35 IST" skipped="0">
  <testcase classname="PostManAllProgram.PutRequestPractice" name="PutRequest" time="10.318"/>
  <system-out/>
</testsuite> <!-- PostManAllProgram.PutRequestPractice -->
