<?xml version="1.0" encoding="UTF-8"?>
<!-- Generated by org.testng.reporters.JUnitReportReporter -->
<testsuite hostname="sonal" failures="0" tests="1" name="PostManAllProgram.DeleteRequest" time="8.916" errors="0" timestamp="2022-10-25T13:03:48 IST" skipped="0">
  <testcase classname="PostManAllProgram.DeleteRequest" name="PutRequest" time="8.916"/>
  <system-out/>
</testsuite> <!-- PostManAllProgram.DeleteRequest -->
