<?xml version="1.0" encoding="UTF-8"?>
<!-- Generated by org.testng.reporters.JUnitReportReporter -->
<testsuite hostname="sonal" failures="0" tests="1" name="RESTAPIGETPOST.BasicAutherization$GETUsersDetails" time="16.586" errors="0" timestamp="2022-10-03T14:56:14 IST" skipped="0">
  <testcase classname="RESTAPIGETPOST.BasicAutherization$GETUsersDetails" name="getListOfEmployees" time="16.586"/>
  <system-out/>
</testsuite> <!-- RESTAPIGETPOST.BasicAutherization$GETUsersDetails -->
